<?xml version="1.0" encoding="UTF-8"?>
<testng-results ignored="0" total="0" passed="0" failed="0" skipped="0">
  <reporter-output>
  </reporter-output>
  <suite started-at="2020-04-11T14:46:24 IST" name="Suite" finished-at="2020-04-11T14:46:25 IST" duration-ms="177">
    <groups>
    </groups>
    <test started-at="2020-04-11T14:46:24 IST" name="ChromeTestCase" finished-at="2020-04-11T14:46:24 IST" duration-ms="24">
    </test> <!-- ChromeTestCase -->
    <test started-at="2020-04-11T14:46:25 IST" name="FirefoxTestCase" finished-at="2020-04-11T14:46:25 IST" duration-ms="1">
    </test> <!-- FirefoxTestCase -->
  </suite> <!-- Suite -->
</testng-results>
